Running: E:\14.7\ISE_DS\ISE\bin\nt64\unwrapped\fuse.exe -intstyle ise -incremental -lib unisims_ver -lib unimacro_ver -lib xilinxcorelib_ver -lib secureip -o D:/jizu/homework/P4_plus/P4_plus/tb_isim_beh.exe -prj D:/jizu/homework/P4_plus/P4_plus/tb_beh.prj work.tb work.glbl 
ISim P.20131013 (signature 0x7708f090)
Number of CPUs detected in this system: 8
Turning on mult-threading, number of parallel sub-compilation jobs: 16 
Determining compilation order of HDL files
Analyzing Verilog file "D:/jizu/homework/P4_plus/P4_plus/mips.v" into library work
Analyzing Verilog file "D:/jizu/homework/P4_plus/P4_plus/tb.v" into library work
Analyzing Verilog file "E:/14.7/ISE_DS/ISE//verilog/src/glbl.v" into library work
Starting static elaboration
Completed static elaboration
Compiling module ifu
Compiling module control
Compiling module grf
Compiling module ext
Compiling module alu
Compiling module dm
Compiling module mux_WData
Compiling module PC
Compiling module mips
Compiling module tb
Compiling module glbl
Time Resolution for simulation is 1ps.
Waiting for 1 sub-compilation(s) to finish...
WARNING:Simulator - Unable to copy libPortabilityNOSH.dll to the simulation executable directory: boost::filesystem::copy_file: 系统找不到指定的路径。, "isim\tb_isim_beh.exe.sim\libPortability.dll".
Compiled 11 Verilog Units
Built simulation executable D:/jizu/homework/P4_plus/P4_plus/tb_isim_beh.exe
Fuse Memory Usage: 32140 KB
Fuse CPU Usage: 671 ms
